Gmude RESTful API server started on: 3000
Gmude RESTful API server started on: 3000
{ url:
   'C:/node/projetos/webServiceGmud/libs/batches/buziosKpiBandSubProjPush.bat',
  unit: '/C' }
Child exited with code 0
{ url:
   'C:/node/projetos/webServiceGmud/libs/batches/buziosKpiBandSubProjPush.bat',
  unit: '/C' }
Child exited with code 0
{ url:
   'C:/node/projetos/webServiceGmud/libs/batches/buziosKpiBandSubProjPush.bat',
  unit: '/C' }
Child exited with code 0
{ url:
   'C:/node/projetos/webServiceGmud/libs/batches/buziosKpiBandSubProjPush.bat',
  unit: '/C' }
Child exited with code 0
Gmude RESTful API server started on: 3000
Gmude RESTful API server started on: 3000
{ url:
   'C:/node/projetos/webServiceGmud/libs/batches/camburiSGIPAGerencialPush.bat',
  unit: '/C' }
batData { url:
   'C:/node/projetos/webServiceGmud/libs/batches/camburiSGIPAGerencialPush.bat',
  unit: '/C' }
Gmude RESTful API server started on: 3000
{ url:
   'C:/node/projetos/webServiceGmud/libs/batches/camburiSGIPAGerencialPush.bat',
  unit: '/C' }
batData { url:
   'C:/node/projetos/webServiceGmud/libs/batches/camburiSGIPAGerencialPush.bat',
  unit: '/C' }
Child exited with code 0
{ url:
   'C:/node/projetos/webServiceGmud/libs/batches/camburiSGIPAGerencialPush.bat',
  unit: '/C' }
batData { url:
   'C:/node/projetos/webServiceGmud/libs/batches/camburiSGIPAGerencialPush.bat',
  unit: '/C' }
Child exited with code 0
{ url:
   'C:/node/projetos/webServiceGmud/libs/batches/camburiSGIPAGerencialPush.bat',
  unit: '/C' }
batData { url:
   'C:/node/projetos/webServiceGmud/libs/batches/camburiSGIPAGerencialPush.bat',
  unit: '/C' }
Child exited with code 0
{ url:
   'C:/node/projetos/webServiceGmud/libs/batches/camburiSGIPAGerencialPush.bat',
  unit: '/C' }
batData { url:
   'C:/node/projetos/webServiceGmud/libs/batches/camburiSGIPAGerencialPush.bat',
  unit: '/C' }
Child exited with code 0
{ url:
   'C:/node/projetos/webServiceGmud/libs/batches/camburiSGIPAGerencialPush.bat',
  unit: '/C' }
batData { url:
   'C:/node/projetos/webServiceGmud/libs/batches/camburiSGIPAGerencialPush.bat',
  unit: '/C' }
Child exited with code 0
{ url:
   'C:/node/projetos/webServiceGmud/libs/batches/camburiSGIPAGerencialPush.bat',
  unit: '/C' }
batData { url:
   'C:/node/projetos/webServiceGmud/libs/batches/camburiSGIPAGerencialPush.bat',
  unit: '/C' }
Child exited with code 0
{ url:
   'C:/node/projetos/webServiceGmud/libs/batches/camburiSGIPAGerencialPush.bat',
  unit: '/C' }
batData { url:
   'C:/node/projetos/webServiceGmud/libs/batches/camburiSGIPAGerencialPush.bat',
  unit: '/C' }
Child exited with code 0
{ url:
   'C:/node/projetos/webServiceGmud/libs/batches/camburiSGIPAGerencialPush.bat',
  unit: '/C' }
batData { url:
   'C:/node/projetos/webServiceGmud/libs/batches/camburiSGIPAGerencialPush.bat',
  unit: '/C' }
Child exited with code 0
{ url:
   'C:/node/projetos/webServiceGmud/libs/batches/camburiSGIPAGerencialPush.bat',
  unit: '/C' }
batData { url:
   'C:/node/projetos/webServiceGmud/libs/batches/camburiSGIPAGerencialPush.bat',
  unit: '/C' }
Child exited with code 0
{ url:
   'C:/node/projetos/webServiceGmud/libs/batches/camburiSGIPAGerencialPush.bat',
  unit: '/C' }
batData { url:
   'C:/node/projetos/webServiceGmud/libs/batches/camburiSGIPAGerencialPush.bat',
  unit: '/C' }
Child exited with code 0
{ url:
   'C:/node/projetos/webServiceGmud/libs/batches/camburiSGIPAGerencialPush.bat',
  unit: '/C' }
batData { url:
   'C:/node/projetos/webServiceGmud/libs/batches/camburiSGIPAGerencialPush.bat',
  unit: '/C' }
Child exited with code 0
{ url:
   'C:/node/projetos/webServiceGmud/libs/batches/camburiSGIPAGerencialPush.bat',
  unit: '/C' }
batData { url:
   'C:/node/projetos/webServiceGmud/libs/batches/camburiSGIPAGerencialPush.bat',
  unit: '/C' }
Child exited with code 0
{ url:
   'C:/node/projetos/webServiceGmud/libs/batches/camburiSGIPAGerencialPush.bat',
  unit: '/C' }
batData { url:
   'C:/node/projetos/webServiceGmud/libs/batches/camburiSGIPAGerencialPush.bat',
  unit: '/C' }
Child exited with code 0
