C:\Users\rdp-tiago\AppData\Roaming\npm\node_modules\node-windows\lib\wrapper.js:177
    child.send('shutdown');
          ^

TypeError: Cannot read property 'send' of null
    at process.killkid (C:\Users\rdp-tiago\AppData\Roaming\npm\node_modules\node-windows\lib\wrapper.js:177:11)
    at process.emit (events.js:182:13)
events.js:167
      throw er; // Unhandled 'error' event
      ^

Error [ERR_IPC_CHANNEL_CLOSED]: Channel closed
    at ChildProcess.target.send (internal/child_process.js:628:16)
    at process.killkid (C:\Users\rdp-tiago\AppData\Roaming\npm\node_modules\node-windows\lib\wrapper.js:177:11)
    at process.emit (events.js:182:13)
Emitted 'error' event at:
    at process.nextTick (internal/child_process.js:632:35)
    at process._tickCallback (internal/process/next_tick.js:61:11)
C:\Users\rdp-tiago\AppData\Roaming\npm\node_modules\node-windows\lib\wrapper.js:177
    child.send('shutdown');
          ^

TypeError: Cannot read property 'send' of null
    at process.killkid (C:\Users\rdp-tiago\AppData\Roaming\npm\node_modules\node-windows\lib\wrapper.js:177:11)
    at process.emit (events.js:182:13)
events.js:167
      throw er; // Unhandled 'error' event
      ^

Error: write EPIPE
    at ChildProcess.target._send (internal/child_process.js:742:20)
    at ChildProcess.target.send (internal/child_process.js:626:19)
    at process.killkid (C:\Users\rdp-tiago\AppData\Roaming\npm\node_modules\node-windows\lib\wrapper.js:177:11)
    at process.emit (events.js:182:13)
Emitted 'error' event at:
    at process.nextTick (internal/child_process.js:746:39)
    at process._tickCallback (internal/process/next_tick.js:61:11)
